Build started 14/12/2557 23:42:12.
     1>Project "C:\Workspace\CVConsole\CVConsole\CVConsole.vcxproj" on node 2 (Build target(s)).
     1>ClCompile:
         C:\Program Files (x86)\Microsoft Visual Studio 12.0\VC\bin\CL.exe /c /IC:\opencv\build\include /ZI /nologo /W3 /WX- /sdl /Od /Oy- /D WIN32 /D _DEBUG /D _CONSOLE /D _LIB /D _UNICODE /D UNICODE /Gm /EHsc /RTC1 /MDd /GS /fp:precise /Zc:wchar_t /Zc:forScope /Fo"Debug\\" /Fd"Debug\vc120.pdb" /Gd /TP /analyze- /errorReport:prompt Source.cpp
         Source.cpp
     1>c:\workspace\cvconsole\cvconsole\source.cpp(111): warning C4018: '<' : signed/unsigned mismatch
     1>c:\workspace\cvconsole\cvconsole\source.cpp(119): warning C4018: '<' : signed/unsigned mismatch
     1>c:\workspace\cvconsole\cvconsole\source.cpp(123): warning C4018: '<' : signed/unsigned mismatch
     1>c:\workspace\cvconsole\cvconsole\source.cpp(142): warning C4018: '<' : signed/unsigned mismatch
     1>c:\workspace\cvconsole\cvconsole\source.cpp(153): warning C4018: '<' : signed/unsigned mismatch
     1>c:\workspace\cvconsole\cvconsole\source.cpp(162): warning C4018: '<' : signed/unsigned mismatch
     1>c:\workspace\cvconsole\cvconsole\source.cpp(170): warning C4018: '<' : signed/unsigned mismatch
     1>c:\workspace\cvconsole\cvconsole\source.cpp(172): warning C4018: '<' : signed/unsigned mismatch
     1>c:\workspace\cvconsole\cvconsole\source.cpp(173): warning C4018: '<' : signed/unsigned mismatch
     1>c:\workspace\cvconsole\cvconsole\source.cpp(182): warning C4018: '<' : signed/unsigned mismatch
     1>c:\workspace\cvconsole\cvconsole\source.cpp(189): warning C4018: '<' : signed/unsigned mismatch
     1>c:\workspace\cvconsole\cvconsole\source.cpp(208): warning C4244: 'initializing' : conversion from 'float' to 'int', possible loss of data
     1>c:\workspace\cvconsole\cvconsole\source.cpp(209): warning C4244: 'initializing' : conversion from 'float' to 'int', possible loss of data
     1>c:\workspace\cvconsole\cvconsole\source.cpp(361): warning C4244: '=' : conversion from 'double' to 'int', possible loss of data
     1>c:\workspace\cvconsole\cvconsole\source.cpp(371): warning C4244: '=' : conversion from 'double' to 'int', possible loss of data
     1>c:\workspace\cvconsole\cvconsole\source.cpp(378): warning C4244: '=' : conversion from 'int' to 'float', possible loss of data
     1>c:\workspace\cvconsole\cvconsole\source.cpp(379): warning C4244: '=' : conversion from 'int' to 'float', possible loss of data
     1>c:\workspace\cvconsole\cvconsole\source.cpp(417): warning C4018: '<' : signed/unsigned mismatch
     1>c:\workspace\cvconsole\cvconsole\source.cpp(602): warning C4018: '<' : signed/unsigned mismatch
     1>c:\workspace\cvconsole\cvconsole\source.cpp(615): warning C4018: '<' : signed/unsigned mismatch
     1>c:\workspace\cvconsole\cvconsole\source.cpp(664): warning C4018: '<' : signed/unsigned mismatch
     1>c:\workspace\cvconsole\cvconsole\source.cpp(708): warning C4018: '<' : signed/unsigned mismatch
     1>c:\workspace\cvconsole\cvconsole\source.cpp(893): warning C4018: '<' : signed/unsigned mismatch
     1>c:\workspace\cvconsole\cvconsole\source.cpp(928): warning C4018: '<' : signed/unsigned mismatch
     1>c:\workspace\cvconsole\cvconsole\source.cpp(1132): warning C4018: '<' : signed/unsigned mismatch
       Link:
         C:\Program Files (x86)\Microsoft Visual Studio 12.0\VC\bin\link.exe /ERRORREPORT:PROMPT /OUT:"C:\Workspace\CVConsole\Debug\CVConsole.exe" /INCREMENTAL /NOLOGO /LIBPATH:C:\opencv\build\x86\vc12\lib /LIBPATH:C:\opencv\build\x86\vc12\lib /LIBPATH:"C:\Program Files (x86)\Microsoft SDKs\Windows\v7.1A\Lib" opencv_calib3d2410d.lib opencv_contrib2410d.lib opencv_core2410d.lib opencv_features2d2410d.lib opencv_flann2410d.lib opencv_gpu2410d.lib opencv_highgui2410d.lib opencv_imgproc2410d.lib opencv_legacy2410d.lib opencv_ml2410d.lib opencv_nonfree2410d.lib opencv_objdetect2410d.lib opencv_ocl2410d.lib opencv_photo2410d.lib opencv_stitching2410d.lib opencv_superres2410d.lib opencv_ts2410d.lib opencv_video2410d.lib kernel32.lib user32.lib gdi32.lib winspool.lib comdlg32.lib advapi32.lib shell32.lib ole32.lib oleaut32.lib uuid.lib odbc32.lib odbccp32.lib /MANIFEST /MANIFESTUAC:"level='asInvoker' uiAccess='false'" /manifest:embed /DEBUG /PDB:"C:\Workspace\CVConsole\Debug\CVConsole.pdb" /SUBSYSTEM:CONSOLE /TLBID:1 /DYNAMICBASE /NXCOMPAT /IMPLIB:"C:\Workspace\CVConsole\Debug\CVConsole.lib" /MACHINE:X86 Debug\Source.obj
         CVConsole.vcxproj -> C:\Workspace\CVConsole\Debug\CVConsole.exe
     1>Done Building Project "C:\Workspace\CVConsole\CVConsole\CVConsole.vcxproj" (Build target(s)).

Build succeeded.

Time Elapsed 00:00:02.08
